<?xml version="1.0" encoding="UTF-8"?>
<testng-results skipped="0" failed="0" ignored="0" total="1" passed="1">
  <reporter-output>
  </reporter-output>
  <suite name="Default suite" duration-ms="32172" started-at="2019-09-03T15:57:04Z" finished-at="2019-09-03T15:57:37Z">
    <groups>
    </groups>
    <test name="Default test" duration-ms="32172" started-at="2019-09-03T15:57:04Z" finished-at="2019-09-03T15:57:37Z">
      <class name="PopUpTest1">
        <test-method status="PASS" signature="setUp()[pri:0, instance:PopUpTest1@46d56d67]" name="setUp" is-config="true" duration-ms="16458" started-at="2019-09-03T15:57:04Z" finished-at="2019-09-03T15:57:21Z">
          <reporter-output>
          </reporter-output>
        </test-method> <!-- setUp -->
        <test-method status="PASS" signature="popUpTest()[pri:0, instance:PopUpTest1@46d56d67]" name="popUpTest" duration-ms="15610" started-at="2019-09-03T15:57:21Z" finished-at="2019-09-03T15:57:37Z">
          <reporter-output>
          </reporter-output>
        </test-method> <!-- popUpTest -->
        <test-method status="PASS" signature="tearDown()[pri:0, instance:PopUpTest1@46d56d67]" name="tearDown" is-config="true" duration-ms="0" started-at="2019-09-03T15:57:37Z" finished-at="2019-09-03T15:57:37Z">
          <reporter-output>
          </reporter-output>
        </test-method> <!-- tearDown -->
      </class> <!-- PopUpTest1 -->
    </test> <!-- Default test -->
  </suite> <!-- Default suite -->
</testng-results>
