<?xml version="1.0" encoding="UTF-8"?>
<testng-results skipped="0" failed="0" ignored="0" total="1" passed="1">
  <reporter-output>
  </reporter-output>
  <suite name="Default suite" duration-ms="12164" started-at="2019-09-03T19:57:28Z" finished-at="2019-09-03T19:57:40Z">
    <groups>
    </groups>
    <test name="Default test" duration-ms="12164" started-at="2019-09-03T19:57:28Z" finished-at="2019-09-03T19:57:40Z">
      <class name="ChatPopUpTest">
        <test-method status="PASS" signature="setUp()[pri:0, instance:ChatPopUpTest@46d56d67]" name="setUp" is-config="true" duration-ms="11946" started-at="2019-09-03T19:57:28Z" finished-at="2019-09-03T19:57:40Z">
          <reporter-output>
          </reporter-output>
        </test-method> <!-- setUp -->
        <test-method status="PASS" signature="popUpTest()[pri:0, instance:ChatPopUpTest@46d56d67]" name="popUpTest" duration-ms="174" started-at="2019-09-03T19:57:40Z" finished-at="2019-09-03T19:57:40Z">
          <reporter-output>
          </reporter-output>
        </test-method> <!-- popUpTest -->
        <test-method status="PASS" signature="tearDown()[pri:0, instance:ChatPopUpTest@46d56d67]" name="tearDown" is-config="true" duration-ms="1" started-at="2019-09-03T19:57:40Z" finished-at="2019-09-03T19:57:40Z">
          <reporter-output>
          </reporter-output>
        </test-method> <!-- tearDown -->
      </class> <!-- ChatPopUpTest -->
    </test> <!-- Default test -->
  </suite> <!-- Default suite -->
</testng-results>
